TN:
SF:C:\andela\iceman-backend\src/index.js
FN:43,(anonymous_0)
FN:50,(anonymous_1)
FNF:2
FNH:2
FNDA:1,(anonymous_0)
FNDA:1,(anonymous_1)
DA:1,1
DA:2,1
DA:3,1
DA:4,1
DA:5,1
DA:6,1
DA:7,1
DA:10,1
DA:13,1
DA:15,1
DA:18,1
DA:20,1
DA:21,1
DA:23,1
DA:25,1
DA:34,1
DA:35,1
DA:39,1
DA:43,1
DA:44,1
DA:45,1
DA:46,1
DA:50,1
DA:51,1
DA:52,1
DA:55,1
LF:26
LH:26
BRDA:34,0,0,1
BRDA:34,0,1,0
BRF:2
BRH:1
end_of_record
TN:
SF:C:\andela\iceman-backend\src\controllers/authController.js
FN:11,(anonymous_0)
FNF:1
FNH:1
FNDA:4,(anonymous_0)
DA:1,1
DA:12,4
DA:13,4
DA:14,4
DA:15,1
LF:5
LH:5
BRDA:14,0,0,3
BRDA:14,0,1,1
BRF:2
BRH:2
end_of_record
TN:
SF:C:\andela\iceman-backend\src\database/config.js
FNF:0
FNH:0
DA:1,1
DA:3,1
LF:2
LH:2
BRF:0
BRH:0
end_of_record
TN:
SF:C:\andela\iceman-backend\src\models/User.js
FN:1,(anonymous_0)
FN:40,(anonymous_1)
FNF:2
FNH:2
FNDA:1,(anonymous_0)
FNDA:1,(anonymous_1)
DA:1,1
DA:2,1
DA:40,1
DA:43,1
LF:4
LH:4
BRF:0
BRH:0
end_of_record
TN:
SF:C:\andela\iceman-backend\src\models/index.js
FN:19,(anonymous_0)
FN:20,(anonymous_1)
FN:25,(anonymous_2)
FNF:3
FNH:3
FNDA:2,(anonymous_0)
FNDA:1,(anonymous_1)
FNDA:1,(anonymous_2)
DA:1,1
DA:2,1
DA:3,1
DA:4,1
DA:6,1
DA:7,1
DA:8,1
DA:9,1
DA:12,1
DA:13,0
DA:15,1
DA:18,1
DA:19,2
DA:21,1
DA:22,1
DA:25,1
DA:26,1
DA:27,1
DA:31,1
DA:32,1
DA:34,1
LF:21
LH:20
BRDA:7,0,0,1
BRDA:7,0,1,1
BRDA:12,1,0,0
BRDA:12,1,1,1
BRDA:19,2,0,2
BRDA:19,2,1,2
BRDA:19,2,2,1
BRDA:26,3,0,1
BRDA:26,3,1,0
BRF:9
BRH:7
end_of_record
TN:
SF:C:\andela\iceman-backend\src\routes/index.js
FN:11,(anonymous_0)
FNF:1
FNH:1
FNDA:2,(anonymous_0)
DA:1,1
DA:2,1
DA:3,1
DA:4,1
DA:5,1
DA:7,1
DA:9,1
DA:11,2
DA:12,1
DA:13,1
DA:15,1
DA:18,1
LF:12
LH:12
BRF:0
BRH:0
end_of_record
TN:
SF:C:\andela\iceman-backend\src\routes\api/index.js
FN:7,(anonymous_0)
FN:10,(anonymous_1)
FNF:2
FNH:0
FNDA:0,(anonymous_0)
FNDA:0,(anonymous_1)
DA:1,1
DA:2,1
DA:4,1
DA:5,1
DA:7,1
DA:8,0
DA:9,0
DA:11,0
DA:12,0
DA:17,0
DA:20,1
LF:11
LH:6
BRDA:8,0,0,0
BRDA:8,0,1,0
BRF:2
BRH:0
end_of_record
TN:
SF:C:\andela\iceman-backend\src\routes\api/users.js
FN:8,(anonymous_0)
FN:10,(anonymous_1)
FN:19,(anonymous_2)
FN:21,(anonymous_3)
FN:42,(anonymous_4)
FN:47,(anonymous_5)
FN:55,(anonymous_6)
FN:67,(anonymous_7)
FN:75,(anonymous_8)
FNF:9
FNH:0
FNDA:0,(anonymous_0)
FNDA:0,(anonymous_1)
FNDA:0,(anonymous_2)
FNDA:0,(anonymous_3)
FNDA:0,(anonymous_4)
FNDA:0,(anonymous_5)
FNDA:0,(anonymous_6)
FNDA:0,(anonymous_7)
FNDA:0,(anonymous_8)
DA:1,1
DA:2,1
DA:3,1
DA:5,1
DA:8,1
DA:9,0
DA:11,0
DA:12,0
DA:14,0
DA:19,1
DA:20,0
DA:22,0
DA:23,0
DA:26,0
DA:27,0
DA:29,0
DA:30,0
DA:32,0
DA:33,0
DA:35,0
DA:36,0
DA:38,0
DA:39,0
DA:42,0
DA:47,1
DA:48,0
DA:49,0
DA:52,0
DA:53,0
DA:55,0
DA:56,0
DA:57,0
DA:60,0
DA:61,0
DA:63,0
DA:67,1
DA:68,0
DA:69,0
DA:70,0
DA:71,0
DA:73,0
DA:75,0
DA:79,1
LF:43
LH:9
BRDA:11,0,0,0
BRDA:11,0,1,0
BRDA:22,1,0,0
BRDA:22,1,1,0
BRDA:26,2,0,0
BRDA:26,2,1,0
BRDA:29,3,0,0
BRDA:29,3,1,0
BRDA:32,4,0,0
BRDA:32,4,1,0
BRDA:35,5,0,0
BRDA:35,5,1,0
BRDA:38,6,0,0
BRDA:38,6,1,0
BRDA:48,7,0,0
BRDA:48,7,1,0
BRDA:52,8,0,0
BRDA:52,8,1,0
BRDA:56,9,0,0
BRDA:56,9,1,0
BRDA:60,10,0,0
BRDA:60,10,1,0
BRF:22
BRH:0
end_of_record
TN:
SF:C:\andela\iceman-backend\src\routes\auth/index.js
FNF:0
FNH:0
DA:1,1
DA:2,1
DA:4,1
DA:6,1
DA:8,1
LF:5
LH:5
BRF:0
BRH:0
end_of_record
TN:
SF:C:\andela\iceman-backend\src\services/authService.js
FN:17,(anonymous_0)
FNF:1
FNH:1
FNDA:4,(anonymous_0)
DA:1,1
DA:2,1
DA:3,1
DA:4,1
DA:6,1
DA:18,4
DA:19,4
DA:21,2
DA:22,2
DA:23,2
DA:25,1
DA:26,1
DA:28,1
LF:13
LH:13
BRDA:19,0,0,2
BRDA:19,0,1,2
BRDA:23,1,0,1
BRDA:23,1,1,1
BRF:4
BRH:4
end_of_record
TN:
SF:C:\andela\iceman-backend\src\test/auth.spec.js
FN:15,(anonymous_0)
FN:18,(anonymous_1)
FN:29,(anonymous_2)
FN:30,(anonymous_3)
FN:37,(anonymous_4)
FN:44,(anonymous_5)
FN:51,(anonymous_6)
FNF:7
FNH:7
FNDA:1,(anonymous_0)
FNDA:1,(anonymous_1)
FNDA:1,(anonymous_2)
FNDA:1,(anonymous_3)
FNDA:1,(anonymous_4)
FNDA:1,(anonymous_5)
FNDA:1,(anonymous_6)
DA:1,1
DA:2,1
DA:3,1
DA:4,1
DA:5,1
DA:7,1
DA:8,1
DA:10,1
DA:11,1
DA:15,1
DA:18,1
DA:19,1
DA:20,1
DA:24,1
DA:29,1
DA:30,1
DA:31,1
DA:35,1
DA:37,1
DA:38,1
DA:42,1
DA:44,1
DA:45,1
DA:49,1
DA:51,1
DA:52,1
DA:56,1
DA:57,1
DA:58,1
DA:59,1
DA:60,1
DA:61,1
LF:32
LH:32
BRF:0
BRH:0
end_of_record
TN:
SF:C:\andela\iceman-backend\src\test/index.js
FN:8,(anonymous_0)
FN:9,(anonymous_1)
FN:13,(anonymous_2)
FNF:3
FNH:3
FNDA:1,(anonymous_0)
FNDA:1,(anonymous_1)
FNDA:1,(anonymous_2)
DA:1,1
DA:2,1
DA:3,1
DA:5,1
DA:6,1
DA:8,1
DA:9,1
DA:10,1
DA:14,1
DA:16,1
LF:10
LH:10
BRF:0
BRH:0
end_of_record
TN:
SF:C:\andela\iceman-backend\src\test/index.spec.js
FN:8,(anonymous_0)
FN:9,(anonymous_1)
FN:14,(anonymous_2)
FNF:3
FNH:3
FNDA:1,(anonymous_0)
FNDA:1,(anonymous_1)
FNDA:1,(anonymous_2)
DA:1,1
DA:2,1
DA:3,1
DA:5,1
DA:6,1
DA:8,1
DA:9,1
DA:10,1
DA:12,1
DA:14,1
DA:15,1
DA:17,1
LF:12
LH:12
BRF:0
BRH:0
end_of_record
TN:
SF:C:\andela\iceman-backend\src\utils/helpers.js
FN:11,(anonymous_0)
FN:13,(anonymous_1)
FN:25,(anonymous_2)
FN:27,(anonymous_3)
FNF:4
FNH:4
FNDA:3,(anonymous_0)
FNDA:3,(anonymous_1)
FNDA:1,(anonymous_2)
FNDA:2,(anonymous_3)
DA:12,3
DA:13,3
DA:14,3
DA:16,3
DA:26,1
DA:27,1
DA:28,2
DA:30,1
LF:8
LH:8
BRF:0
BRH:0
end_of_record
TN:
SF:C:\andela\iceman-backend\src\utils/testDatabase.js
FN:17,(anonymous_0)
FN:32,(anonymous_1)
FNF:2
FNH:2
FNDA:2,(anonymous_0)
FNDA:1,(anonymous_1)
DA:1,1
DA:2,1
DA:3,1
DA:4,1
DA:6,1
DA:18,2
DA:19,2
DA:20,2
DA:21,2
DA:22,2
DA:23,2
DA:24,2
DA:33,1
LF:13
LH:13
BRF:0
BRH:0
end_of_record
